<?xml version="1.0" encoding="UTF-8"?>
<!-- Generated by org.testng.reporters.JUnitXMLReporter -->
<testsuite hostname="mukul-workstation" name="Surefire test" tests="29" failures="0" timestamp="19 May 2020 16:17:34 GMT" time="380.037" errors="0">
  <testcase name="verify_automated_testing_logo" time="37.776" classname="com.briozing.automation.suites.UITests"/>
  <testcase name="verify_briozing_logo_reload" time="11.994" classname="com.briozing.automation.suites.UITests"/>
  <testcase name="verify_clients_DL" time="13.656" classname="com.briozing.automation.suites.UITests"/>
  <testcase name="verify_clients_a4technologies" time="8.237" classname="com.briozing.automation.suites.UITests"/>
  <testcase name="verify_clients_cybrella" time="15.424" classname="com.briozing.automation.suites.UITests"/>
  <testcase name="verify_clients_quickheal" time="8.401" classname="com.briozing.automation.suites.UITests"/>
  <testcase name="verify_clients_sapience" time="10.834" classname="com.briozing.automation.suites.UITests"/>
  <testcase name="verify_clients_vuclips" time="56.28" classname="com.briozing.automation.suites.UITests"/>
  <testcase name="verify_connection_with_us" time="10.386" classname="com.briozing.automation.suites.UITests"/>
  <testcase name="verify_connection_with_us_Message" time="8.301" classname="com.briozing.automation.suites.UITests"/>
  <testcase name="verify_connection_with_us_PhoneNumber" time="8.979" classname="com.briozing.automation.suites.UITests"/>
  <testcase name="verify_connection_with_us_Submit" time="10.985" classname="com.briozing.automation.suites.UITests"/>
  <testcase name="verify_connection_with_us_email" time="11.723" classname="com.briozing.automation.suites.UITests"/>
  <testcase name="verify_connection_with_us_name" time="10.079" classname="com.briozing.automation.suites.UITests"/>
  <testcase name="verify_connection_with_us_name_first" time="9.274" classname="com.briozing.automation.suites.UITests"/>
  <testcase name="verify_connection_with_us_name_last" time="8.397" classname="com.briozing.automation.suites.UITests"/>
  <testcase name="verify_devops_logo" time="10.832" classname="com.briozing.automation.suites.UITests"/>
  <testcase name="verify_get_started_button" time="8.993" classname="com.briozing.automation.suites.UITests"/>
  <testcase name="verify_homepage_arrowdown_logo" time="9.638" classname="com.briozing.automation.suites.UITests"/>
  <testcase name="verify_homepage_arrowdown_motion" time="9.209" classname="com.briozing.automation.suites.UITests"/>
  <testcase name="verify_pagescrolling_Blog" time="7.419" classname="com.briozing.automation.suites.UITests"/>
  <testcase name="verify_pagescrolling_Cta" time="10.08" classname="com.briozing.automation.suites.UITests"/>
  <testcase name="verify_pagescrolling_Team" time="12.886" classname="com.briozing.automation.suites.UITests"/>
  <testcase name="verify_pagescrolling_about" time="15.362" classname="com.briozing.automation.suites.UITests"/>
  <testcase name="verify_pagescrolling_clients" time="9.235" classname="com.briozing.automation.suites.UITests"/>
  <testcase name="verify_pagescrolling_core" time="7.615" classname="com.briozing.automation.suites.UITests"/>
  <testcase name="verify_pagescrolling_features" time="11.323" classname="com.briozing.automation.suites.UITests"/>
  <testcase name="verify_pagescrolling_top" time="13.558" classname="com.briozing.automation.suites.UITests"/>
  <testcase name="verify_product_architecture_logo" time="12.891" classname="com.briozing.automation.suites.UITests"/>
</testsuite> <!-- Surefire test -->
