<?xml version="1.0" encoding="UTF-8"?>
<testsuite xmlns:xsi="http://www.w3.org/2001/XMLSchema-instance" xsi:noNamespaceSchemaLocation="https://maven.apache.org/surefire/maven-surefire-plugin/xsd/surefire-test-report.xsd" name="com.briozing.automation.suites.UITests" time="382.603" tests="29" errors="0" skipped="0" failures="0">
  <properties>
[...]
</properties>
  <testcase name="verify_automated_testing_logo" classname="com.briozing.automation.suites.UITests" time="37.785"/>
  <testcase name="verify_briozing_logo_reload" classname="com.briozing.automation.suites.UITests" time="11.988"/>
  <testcase name="verify_clients_DL" classname="com.briozing.automation.suites.UITests" time="13.658"/>
  <testcase name="verify_clients_a4technologies" classname="com.briozing.automation.suites.UITests" time="8.254"/>
  <testcase name="verify_clients_cybrella" classname="com.briozing.automation.suites.UITests" time="15.414"/>
  <testcase name="verify_clients_quickheal" classname="com.briozing.automation.suites.UITests" time="8.429"/>
  <testcase name="verify_clients_sapience" classname="com.briozing.automation.suites.UITests" time="10.842"/>
  <testcase name="verify_clients_vuclips" classname="com.briozing.automation.suites.UITests" time="56.291"/>
  <testcase name="verify_connection_with_us" classname="com.briozing.automation.suites.UITests" time="10.387"/>
  <testcase name="verify_connection_with_us_Message" classname="com.briozing.automation.suites.UITests" time="8.309"/>
  <testcase name="verify_connection_with_us_PhoneNumber" classname="com.briozing.automation.suites.UITests" time="8.98"/>
  <testcase name="verify_connection_with_us_Submit" classname="com.briozing.automation.suites.UITests" time="10.982"/>
  <testcase name="verify_connection_with_us_email" classname="com.briozing.automation.suites.UITests" time="11.73"/>
  <testcase name="verify_connection_with_us_name" classname="com.briozing.automation.suites.UITests" time="10.077"/>
  <testcase name="verify_connection_with_us_name_first" classname="com.briozing.automation.suites.UITests" time="9.28"/>
  <testcase name="verify_connection_with_us_name_last" classname="com.briozing.automation.suites.UITests" time="8.412"/>
  <testcase name="verify_devops_logo" classname="com.briozing.automation.suites.UITests" time="10.839"/>
  <testcase name="verify_get_started_button" classname="com.briozing.automation.suites.UITests" time="8.989"/>
  <testcase name="verify_homepage_arrowdown_logo" classname="com.briozing.automation.suites.UITests" time="9.65"/>
  <testcase name="verify_homepage_arrowdown_motion" classname="com.briozing.automation.suites.UITests" time="9.216"/>
  <testcase name="verify_pagescrolling_Blog" classname="com.briozing.automation.suites.UITests" time="7.421"/>
  <testcase name="verify_pagescrolling_Cta" classname="com.briozing.automation.suites.UITests" time="10.084"/>
  <testcase name="verify_pagescrolling_Team" classname="com.briozing.automation.suites.UITests" time="12.902"/>
  <testcase name="verify_pagescrolling_about" classname="com.briozing.automation.suites.UITests" time="15.352"/>
  <testcase name="verify_pagescrolling_clients" classname="com.briozing.automation.suites.UITests" time="9.243"/>
  <testcase name="verify_pagescrolling_core" classname="com.briozing.automation.suites.UITests" time="7.623"/>
  <testcase name="verify_pagescrolling_features" classname="com.briozing.automation.suites.UITests" time="11.351"/>
  <testcase name="verify_pagescrolling_top" classname="com.briozing.automation.suites.UITests" time="13.553"/>
  <testcase name="verify_product_architecture_logo" classname="com.briozing.automation.suites.UITests" time="12.877"/>
</testsuite>